# JRE version: OpenJDK Runtime Environment Temurin-17.0.7+7 (17.0.7+7) (build 17.0.7+7)
# Java VM: OpenJDK 64-Bit Server VM Temurin-17.0.7+7 (17.0.7+7, mixed mode, emulated-client, tiered, compressed oops, compressed class ptrs, g1 gc, windows-amd64)
GC Precious Log:
 CPUs: 8 total, 8 available
 Memory: 8029M
 Large Page Support: Disabled
 NUMA Support: Disabled
 Compressed Oops: Enabled (32-bit)
 Heap Region Size: 1M
 Heap Min Capacity: 8M
 Heap Initial Capacity: 126M
 Heap Max Capacity: 2008M
 Pre-touch: Disabled
 Parallel Workers: 8
 Concurrent Workers: 2
 Concurrent Refinement Workers: 8
 Periodic GC: Disabled
Heap:
 garbage-first heap   total 168960K, used 127833K [0x0000000082800000, 0x0000000100000000)
  region size 1024K, 56 young (57344K), 5 survivors (5120K)
 Metaspace       used 111391K, committed 112064K, reserved 1179648K
  class space    used 14862K, committed 15168K, reserved 1048576K
GC Heap History (20 events):
Event: 2948.647 GC heap before
{Heap before GC invocations=94 (full 2):
 garbage-first heap   total 168960K, used 129516K [0x0000000082800000, 0x0000000100000000)
  region size 1024K, 68 young (69632K), 4 survivors (4096K)
 Metaspace       used 108781K, committed 109504K, reserved 1179648K
  class space    used 14627K, committed 14976K, reserved 1048576K
}
Event: 2948.850 GC heap after
{Heap after GC invocations=95 (full 2):
 garbage-first heap   total 168960K, used 67832K [0x0000000082800000, 0x0000000100000000)
  region size 1024K, 7 young (7168K), 7 survivors (7168K)
 Metaspace       used 108781K, committed 109504K, reserved 1179648K
  class space    used 14627K, committed 14976K, reserved 1048576K
}
Event: 3034.136 GC heap before
{Heap before GC invocations=96 (full 2):
 garbage-first heap   total 168960K, used 137464K [0x0000000082800000, 0x0000000100000000)
  region size 1024K, 74 young (75776K), 7 survivors (7168K)
 Metaspace       used 108792K, committed 109504K, reserved 1179648K
  class space    used 14629K, committed 14976K, reserved 1048576K
}
Event: 3034.181 GC heap after
{Heap after GC invocations=97 (full 2):
 garbage-first heap   total 168960K, used 69449K [0x0000000082800000, 0x0000000100000000)
  region size 1024K, 6 young (6144K), 6 survivors (6144K)
 Metaspace       used 108792K, committed 109504K, reserved 1179648K
  class space    used 14629K, committed 14976K, reserved 1048576K
}
Event: 3035.130 GC heap before
{Heap before GC invocations=97 (full 2):
 garbage-first heap   total 168960K, used 71497K [0x0000000082800000, 0x0000000100000000)
  region size 1024K, 8 young (8192K), 6 survivors (6144K)
 Metaspace       used 108792K, committed 109504K, reserved 1179648K
  class space    used 14629K, committed 14976K, reserved 1048576K
}
Event: 3035.147 GC heap after
{Heap after GC invocations=98 (full 2):
 garbage-first heap   total 168960K, used 68861K [0x0000000082800000, 0x0000000100000000)
  region size 1024K, 1 young (1024K), 1 survivors (1024K)
 Metaspace       used 108792K, committed 109504K, reserved 1179648K
  class space    used 14629K, committed 14976K, reserved 1048576K
}
Event: 3101.102 GC heap before
{Heap before GC invocations=98 (full 2):
 garbage-first heap   total 168960K, used 125181K [0x0000000082800000, 0x0000000100000000)
  region size 1024K, 57 young (58368K), 1 survivors (1024K)
 Metaspace       used 108800K, committed 109504K, reserved 1179648K
  class space    used 14631K, committed 14976K, reserved 1048576K
}
Event: 3101.481 GC heap after
{Heap after GC invocations=99 (full 3):
 garbage-first heap   total 168960K, used 48985K [0x0000000082800000, 0x0000000100000000)
  region size 1024K, 0 young (0K), 0 survivors (0K)
 Metaspace       used 108690K, committed 109504K, reserved 1179648K
  class space    used 14612K, committed 14976K, reserved 1048576K
}
Event: 3102.652 GC heap before
{Heap before GC invocations=99 (full 3):
 garbage-first heap   total 168960K, used 135001K [0x0000000082800000, 0x0000000100000000)
  region size 1024K, 84 young (86016K), 0 survivors (0K)
 Metaspace       used 109664K, committed 110336K, reserved 1179648K
  class space    used 14724K, committed 15040K, reserved 1048576K
}
Event: 3102.673 GC heap after
{Heap after GC invocations=100 (full 3):
 garbage-first heap   total 168960K, used 55869K [0x0000000082800000, 0x0000000100000000)
  region size 1024K, 7 young (7168K), 7 survivors (7168K)
 Metaspace       used 109664K, committed 110336K, reserved 1179648K
  class space    used 14724K, committed 15040K, reserved 1048576K
}
Event: 3107.395 GC heap before
{Heap before GC invocations=101 (full 3):
 garbage-first heap   total 168960K, used 134717K [0x0000000082800000, 0x0000000100000000)
  region size 1024K, 84 young (86016K), 7 survivors (7168K)
 Metaspace       used 110073K, committed 110784K, reserved 1179648K
  class space    used 14775K, committed 15104K, reserved 1048576K
}
Event: 3107.411 GC heap after
{Heap after GC invocations=102 (full 3):
 garbage-first heap   total 168960K, used 66186K [0x0000000082800000, 0x0000000100000000)
  region size 1024K, 11 young (11264K), 11 survivors (11264K)
 Metaspace       used 110073K, committed 110784K, reserved 1179648K
  class space    used 14775K, committed 15104K, reserved 1048576K
}
Event: 3107.625 GC heap before
{Heap before GC invocations=102 (full 3):
 garbage-first heap   total 168960K, used 129674K [0x0000000082800000, 0x0000000100000000)
  region size 1024K, 73 young (74752K), 11 survivors (11264K)
 Metaspace       used 110358K, committed 111040K, reserved 1179648K
  class space    used 14795K, committed 15104K, reserved 1048576K
}
Event: 3107.633 GC heap after
{Heap after GC invocations=103 (full 3):
 garbage-first heap   total 168960K, used 69626K [0x0000000082800000, 0x0000000100000000)
  region size 1024K, 4 young (4096K), 4 survivors (4096K)
 Metaspace       used 110358K, committed 111040K, reserved 1179648K
  class space    used 14795K, committed 15104K, reserved 1048576K
}
Event: 3109.464 GC heap before
{Heap before GC invocations=104 (full 3):
 garbage-first heap   total 168960K, used 132090K [0x0000000082800000, 0x0000000100000000)
  region size 1024K, 65 young (66560K), 4 survivors (4096K)
 Metaspace       used 110662K, committed 111296K, reserved 1179648K
  class space    used 14812K, committed 15104K, reserved 1048576K
}
Event: 3109.469 GC heap after
{Heap after GC invocations=105 (full 3):
 garbage-first heap   total 168960K, used 71759K [0x0000000082800000, 0x0000000100000000)
  region size 1024K, 6 young (6144K), 6 survivors (6144K)
 Metaspace       used 110662K, committed 111296K, reserved 1179648K
  class space    used 14812K, committed 15104K, reserved 1048576K
}
Event: 3109.808 GC heap before
{Heap before GC invocations=105 (full 3):
 garbage-first heap   total 168960K, used 134223K [0x0000000082800000, 0x0000000100000000)
  region size 1024K, 67 young (68608K), 6 survivors (6144K)
 Metaspace       used 111043K, committed 111744K, reserved 1179648K
  class space    used 14836K, committed 15168K, reserved 1048576K
}
Event: 3109.814 GC heap after
{Heap after GC invocations=106 (full 3):
 garbage-first heap   total 168960K, used 73895K [0x0000000082800000, 0x0000000100000000)
  region size 1024K, 5 young (5120K), 5 survivors (5120K)
 Metaspace       used 111043K, committed 111744K, reserved 1179648K
  class space    used 14836K, committed 15168K, reserved 1048576K
}
Event: 3110.178 GC heap before
{Heap before GC invocations=107 (full 3):
 garbage-first heap   total 168960K, used 122023K [0x0000000082800000, 0x0000000100000000)
  region size 1024K, 53 young (54272K), 5 survivors (5120K)
 Metaspace       used 111389K, committed 112064K, reserved 1179648K
  class space    used 14861K, committed 15168K, reserved 1048576K
}
Event: 3110.187 GC heap after
{Heap after GC invocations=108 (full 3):
 garbage-first heap   total 168960K, used 76633K [0x0000000082800000, 0x0000000100000000)
  region size 1024K, 5 young (5120K), 5 survivors (5120K)
 Metaspace       used 111389K, committed 112064K, reserved 1179648K
  class space    used 14861K, committed 15168K, reserved 1048576K
}

