# JRE version: OpenJDK Runtime Environment Temurin-17.0.7+7 (17.0.7+7) (build 17.0.7+7)
# Java VM: OpenJDK 64-Bit Server VM Temurin-17.0.7+7 (17.0.7+7, mixed mode, emulated-client, tiered, compressed oops, compressed class ptrs, g1 gc, windows-amd64)
GC Precious Log:
 CPUs: 8 total, 8 available
 Memory: 8029M
 Large Page Support: Disabled
 NUMA Support: Disabled
 Compressed Oops: Enabled (32-bit)
 Heap Region Size: 1M
 Heap Min Capacity: 8M
 Heap Initial Capacity: 126M
 Heap Max Capacity: 2008M
 Pre-touch: Disabled
 Parallel Workers: 8
 Concurrent Workers: 2
 Concurrent Refinement Workers: 8
 Periodic GC: Disabled
Heap:
 garbage-first heap   total 334848K, used 162687K [0x0000000082800000, 0x0000000100000000)
  region size 1024K, 79 young (80896K), 1 survivors (1024K)
 Metaspace       used 95689K, committed 96384K, reserved 1179648K
  class space    used 13063K, committed 13376K, reserved 1048576K
GC Heap History (20 events):
Event: 10.691 GC heap before
{Heap before GC invocations=28 (full 0):
 garbage-first heap   total 87040K, used 68571K [0x0000000082800000, 0x0000000100000000)
  region size 1024K, 24 young (24576K), 1 survivors (1024K)
 Metaspace       used 75258K, committed 75840K, reserved 1179648K
  class space    used 10191K, committed 10496K, reserved 1048576K
}
Event: 10.692 GC heap after
{Heap after GC invocations=29 (full 0):
 garbage-first heap   total 142336K, used 45501K [0x0000000082800000, 0x0000000100000000)
  region size 1024K, 1 young (1024K), 1 survivors (1024K)
 Metaspace       used 75258K, committed 75840K, reserved 1179648K
  class space    used 10191K, committed 10496K, reserved 1048576K
}
Event: 12.691 GC heap before
{Heap before GC invocations=30 (full 0):
 garbage-first heap   total 142336K, used 107965K [0x0000000082800000, 0x0000000100000000)
  region size 1024K, 62 young (63488K), 1 survivors (1024K)
 Metaspace       used 78210K, committed 78848K, reserved 1179648K
  class space    used 10584K, committed 10880K, reserved 1048576K
}
Event: 12.694 GC heap after
{Heap after GC invocations=31 (full 0):
 garbage-first heap   total 142336K, used 49101K [0x0000000082800000, 0x0000000100000000)
  region size 1024K, 5 young (5120K), 5 survivors (5120K)
 Metaspace       used 78210K, committed 78848K, reserved 1179648K
  class space    used 10584K, committed 10880K, reserved 1048576K
}
Event: 12.698 GC heap before
{Heap before GC invocations=31 (full 0):
 garbage-first heap   total 142336K, used 50125K [0x0000000082800000, 0x0000000100000000)
  region size 1024K, 6 young (6144K), 5 survivors (5120K)
 Metaspace       used 78210K, committed 78848K, reserved 1179648K
  class space    used 10584K, committed 10880K, reserved 1048576K
}
Event: 12.701 GC heap after
{Heap after GC invocations=32 (full 0):
 garbage-first heap   total 142336K, used 49219K [0x0000000082800000, 0x0000000100000000)
  region size 1024K, 1 young (1024K), 1 survivors (1024K)
 Metaspace       used 78210K, committed 78848K, reserved 1179648K
  class space    used 10584K, committed 10880K, reserved 1048576K
}
Event: 13.016 GC heap before
{Heap before GC invocations=32 (full 0):
 garbage-first heap   total 142336K, used 114755K [0x0000000082800000, 0x0000000100000000)
  region size 1024K, 65 young (66560K), 1 survivors (1024K)
 Metaspace       used 78983K, committed 79680K, reserved 1179648K
  class space    used 10670K, committed 11008K, reserved 1048576K
}
Event: 13.018 GC heap after
{Heap after GC invocations=33 (full 0):
 garbage-first heap   total 142336K, used 51146K [0x0000000082800000, 0x0000000100000000)
  region size 1024K, 3 young (3072K), 3 survivors (3072K)
 Metaspace       used 78983K, committed 79680K, reserved 1179648K
  class space    used 10670K, committed 11008K, reserved 1048576K
}
Event: 13.661 GC heap before
{Heap before GC invocations=33 (full 0):
 garbage-first heap   total 142336K, used 115658K [0x0000000082800000, 0x0000000100000000)
  region size 1024K, 66 young (67584K), 3 survivors (3072K)
 Metaspace       used 84712K, committed 85440K, reserved 1179648K
  class space    used 11491K, committed 11840K, reserved 1048576K
}
Event: 13.666 GC heap after
{Heap after GC invocations=34 (full 0):
 garbage-first heap   total 142336K, used 54441K [0x0000000082800000, 0x0000000100000000)
  region size 1024K, 6 young (6144K), 6 survivors (6144K)
 Metaspace       used 84712K, committed 85440K, reserved 1179648K
  class space    used 11491K, committed 11840K, reserved 1048576K
}
Event: 13.853 GC heap before
{Heap before GC invocations=34 (full 0):
 garbage-first heap   total 142336K, used 116905K [0x0000000082800000, 0x0000000100000000)
  region size 1024K, 66 young (67584K), 6 survivors (6144K)
 Metaspace       used 85799K, committed 86528K, reserved 1179648K
  class space    used 11620K, committed 11968K, reserved 1048576K
}
Event: 13.865 GC heap after
{Heap after GC invocations=35 (full 0):
 garbage-first heap   total 142336K, used 67204K [0x0000000082800000, 0x0000000100000000)
  region size 1024K, 9 young (9216K), 9 survivors (9216K)
 Metaspace       used 85799K, committed 86528K, reserved 1179648K
  class space    used 11620K, committed 11968K, reserved 1048576K
}
Event: 13.949 GC heap before
{Heap before GC invocations=35 (full 0):
 garbage-first heap   total 142336K, used 111236K [0x0000000082800000, 0x0000000100000000)
  region size 1024K, 52 young (53248K), 9 survivors (9216K)
 Metaspace       used 85884K, committed 86592K, reserved 1179648K
  class space    used 11632K, committed 11968K, reserved 1048576K
}
Event: 13.958 GC heap after
{Heap after GC invocations=36 (full 0):
 garbage-first heap   total 142336K, used 76773K [0x0000000082800000, 0x0000000100000000)
  region size 1024K, 7 young (7168K), 7 survivors (7168K)
 Metaspace       used 85884K, committed 86592K, reserved 1179648K
  class space    used 11632K, committed 11968K, reserved 1048576K
}
Event: 14.108 GC heap before
{Heap before GC invocations=36 (full 0):
 garbage-first heap   total 142336K, used 110565K [0x0000000082800000, 0x0000000100000000)
  region size 1024K, 41 young (41984K), 7 survivors (7168K)
 Metaspace       used 86859K, committed 87488K, reserved 1179648K
  class space    used 11781K, committed 12096K, reserved 1048576K
}
Event: 14.116 GC heap after
{Heap after GC invocations=37 (full 0):
 garbage-first heap   total 142336K, used 84992K [0x0000000082800000, 0x0000000100000000)
  region size 1024K, 6 young (6144K), 6 survivors (6144K)
 Metaspace       used 86859K, committed 87488K, reserved 1179648K
  class space    used 11781K, committed 12096K, reserved 1048576K
}
Event: 14.435 GC heap before
{Heap before GC invocations=38 (full 0):
 garbage-first heap   total 148480K, used 112640K [0x0000000082800000, 0x0000000100000000)
  region size 1024K, 33 young (33792K), 6 survivors (6144K)
 Metaspace       used 89397K, committed 90112K, reserved 1179648K
  class space    used 12156K, committed 12480K, reserved 1048576K
}
Event: 14.440 GC heap after
{Heap after GC invocations=39 (full 0):
 garbage-first heap   total 148480K, used 88445K [0x0000000082800000, 0x0000000100000000)
  region size 1024K, 3 young (3072K), 3 survivors (3072K)
 Metaspace       used 89397K, committed 90112K, reserved 1179648K
  class space    used 12156K, committed 12480K, reserved 1048576K
}
Event: 14.507 GC heap before
{Heap before GC invocations=39 (full 0):
 garbage-first heap   total 148480K, used 92541K [0x0000000082800000, 0x0000000100000000)
  region size 1024K, 7 young (7168K), 3 survivors (3072K)
 Metaspace       used 90208K, committed 90880K, reserved 1179648K
  class space    used 12285K, committed 12608K, reserved 1048576K
}
Event: 14.511 GC heap after
{Heap after GC invocations=40 (full 0):
 garbage-first heap   total 334848K, used 83839K [0x0000000082800000, 0x0000000100000000)
  region size 1024K, 1 young (1024K), 1 survivors (1024K)
 Metaspace       used 90208K, committed 90880K, reserved 1179648K
  class space    used 12285K, committed 12608K, reserved 1048576K
}

